<?xml version="1.0" encoding="UTF-8"?>
<testng-results skipped="0" failed="1" ignored="0" total="4" passed="3">
  <reporter-output>
  </reporter-output>
  <suite name="Suite" duration-ms="49784" started-at="2020-07-28T15:28:09Z" finished-at="2020-07-28T15:28:59Z">
    <groups>
    </groups>
    <test name="ValidateText" duration-ms="41233" started-at="2020-07-28T15:28:09Z" finished-at="2020-07-28T15:28:51Z">
      <class name="EndToEndFramework.ValidateText">
        <test-method status="PASS" signature="prerequiste()[pri:0, instance:EndToEndFramework.ValidateText@7205765b]" name="prerequiste" is-config="true" duration-ms="37178" started-at="2020-07-28T15:28:09Z" finished-at="2020-07-28T15:28:47Z">
          <reporter-output>
          </reporter-output>
        </test-method> <!-- prerequiste -->
        <test-method status="PASS" signature="navigationtab()[pri:0, instance:EndToEndFramework.ValidateText@7205765b]" name="navigationtab" duration-ms="679" started-at="2020-07-28T15:28:47Z" finished-at="2020-07-28T15:28:47Z">
          <reporter-output>
          </reporter-output>
        </test-method> <!-- navigationtab -->
        <test-method status="FAIL" signature="textcheck()[pri:0, instance:EndToEndFramework.ValidateText@7205765b]" name="textcheck" duration-ms="66" started-at="2020-07-28T15:28:47Z" finished-at="2020-07-28T15:28:47Z">
          <exception class="java.lang.AssertionError">
            <message>
              <![CDATA[expected [FATURE COURSE] but found [FEATURED COURSES]]]>
            </message>
            <full-stacktrace>
              <![CDATA[java.lang.AssertionError: expected [FATURE COURSE] but found [FEATURED COURSES]
at org.testng.Assert.fail(Assert.java:96)
at org.testng.Assert.failNotEquals(Assert.java:776)
at org.testng.Assert.assertEqualsImpl(Assert.java:137)
at org.testng.Assert.assertEquals(Assert.java:118)
at org.testng.Assert.assertEquals(Assert.java:453)
at org.testng.Assert.assertEquals(Assert.java:463)
at EndToEndFramework.ValidateText.textcheck(ValidateText.java:41)
at sun.reflect.NativeMethodAccessorImpl.invoke0(Native Method)
at sun.reflect.NativeMethodAccessorImpl.invoke(Unknown Source)
at sun.reflect.DelegatingMethodAccessorImpl.invoke(Unknown Source)
at java.lang.reflect.Method.invoke(Unknown Source)
at org.testng.internal.MethodInvocationHelper.invokeMethod(MethodInvocationHelper.java:124)
at org.testng.internal.Invoker.invokeMethod(Invoker.java:580)
at org.testng.internal.Invoker.invokeTestMethod(Invoker.java:716)
at org.testng.internal.Invoker.invokeTestMethods(Invoker.java:988)
at org.testng.internal.TestMethodWorker.invokeTestMethods(TestMethodWorker.java:125)
at org.testng.internal.TestMethodWorker.run(TestMethodWorker.java:109)
at org.testng.TestRunner.privateRun(TestRunner.java:648)
at org.testng.TestRunner.run(TestRunner.java:505)
at org.testng.SuiteRunner.runTest(SuiteRunner.java:455)
at org.testng.SuiteRunner.access$000(SuiteRunner.java:40)
at org.testng.SuiteRunner$SuiteWorker.run(SuiteRunner.java:489)
at org.testng.internal.thread.ThreadUtil$1.call(ThreadUtil.java:52)
at java.util.concurrent.FutureTask.run(Unknown Source)
at java.util.concurrent.ThreadPoolExecutor.runWorker(Unknown Source)
at java.util.concurrent.ThreadPoolExecutor$Worker.run(Unknown Source)
at java.lang.Thread.run(Unknown Source)
]]>
            </full-stacktrace>
          </exception> <!-- java.lang.AssertionError -->
          <reporter-output>
          </reporter-output>
        </test-method> <!-- textcheck -->
        <test-method status="PASS" signature="closebrowser()[pri:0, instance:EndToEndFramework.ValidateText@7205765b]" name="closebrowser" is-config="true" duration-ms="1271" started-at="2020-07-28T15:28:49Z" finished-at="2020-07-28T15:28:51Z">
          <reporter-output>
          </reporter-output>
        </test-method> <!-- closebrowser -->
      </class> <!-- EndToEndFramework.ValidateText -->
    </test> <!-- ValidateText -->
    <test name="HomeLogin" duration-ms="49784" started-at="2020-07-28T15:28:09Z" finished-at="2020-07-28T15:28:59Z">
      <class name="EndToEndFramework.HomePage">
        <test-method status="PASS" signature="browserInvoke()[pri:0, instance:EndToEndFramework.HomePage@57d7f8ca]" name="browserInvoke" is-config="true" duration-ms="6028" started-at="2020-07-28T15:28:09Z" finished-at="2020-07-28T15:28:16Z">
          <reporter-output>
          </reporter-output>
        </test-method> <!-- browserInvoke -->
        <test-method status="PASS" signature="openURL(java.lang.String, java.lang.String)[pri:0, instance:EndToEndFramework.HomePage@57d7f8ca]" name="openURL" duration-ms="36158" started-at="2020-07-28T15:28:16Z" data-provider="getData" finished-at="2020-07-28T15:28:52Z">
          <params>
            <param index="0">
              <value>
                <![CDATA[ankur]]>
              </value>
            </param>
            <param index="1">
              <value>
                <![CDATA[rukna]]>
              </value>
            </param>
          </params>
          <reporter-output>
          </reporter-output>
        </test-method> <!-- openURL -->
        <test-method status="PASS" signature="openURL(java.lang.String, java.lang.String)[pri:0, instance:EndToEndFramework.HomePage@57d7f8ca]" name="openURL" duration-ms="6225" started-at="2020-07-28T15:28:52Z" data-provider="getData" finished-at="2020-07-28T15:28:58Z">
          <params>
            <param index="0">
              <value>
                <![CDATA[ankit]]>
              </value>
            </param>
            <param index="1">
              <value>
                <![CDATA[tikna]]>
              </value>
            </param>
          </params>
          <reporter-output>
          </reporter-output>
        </test-method> <!-- openURL -->
        <test-method status="PASS" signature="closebrowser()[pri:0, instance:EndToEndFramework.HomePage@57d7f8ca]" name="closebrowser" is-config="true" duration-ms="1328" started-at="2020-07-28T15:28:58Z" finished-at="2020-07-28T15:28:59Z">
          <reporter-output>
          </reporter-output>
        </test-method> <!-- closebrowser -->
      </class> <!-- EndToEndFramework.HomePage -->
    </test> <!-- HomeLogin -->
  </suite> <!-- Suite -->
</testng-results>
